<?xml version="1.0" encoding="UTF-8"?>
<!-- Generated by org.testng.reporters.JUnitReportReporter -->
<testsuite skipped="0" hostname="DESKTOP-B7ELS4L" name="testCases.UpdateOneProductAdvance" tests="4" failures="0" timestamp="24 Nov 2022 19:46:08 GMT" time="6.066" errors="0">
  <testcase name="createOneProduct" time="3.524" classname="testCases.UpdateOneProductAdvance"/>
  <testcase name="readAllProducts" time="1.626" classname="testCases.UpdateOneProductAdvance"/>
  <testcase name="updateOneProduct" time="0.426" classname="testCases.UpdateOneProductAdvance"/>
  <testcase name="readOneUpdatedProduct" time="0.490" classname="testCases.UpdateOneProductAdvance"/>
</testsuite> <!-- testCases.UpdateOneProductAdvance -->
