<?xml version="1.0" encoding="UTF-8"?>
<!-- Generated by org.testng.reporters.JUnitReportReporter -->
<testsuite skipped="0" hostname="DESKTOP-B7ELS4L" name="testCases.ReadAllProducts" tests="1" failures="0" timestamp="19 Nov 2022 19:39:29 GMT" time="4.946" errors="0">
  <testcase name="readAllProducts" time="4.946" classname="testCases.ReadAllProducts"/>
</testsuite> <!-- testCases.ReadAllProducts -->
