<?xml version="1.0" encoding="UTF-8"?>
<!-- Generated by org.testng.reporters.JUnitReportReporter -->
<testsuite skipped="0" hostname="DESKTOP-B7ELS4L" name="testCases.CreateOneProduct" tests="3" failures="0" timestamp="24 Nov 2022 17:34:45 GMT" time="6.650" errors="0">
  <testcase name="createOneProduct" time="3.674" classname="testCases.CreateOneProduct"/>
  <testcase name="readAllProducts" time="2.486" classname="testCases.CreateOneProduct"/>
  <testcase name="readOneProduct" time="0.490" classname="testCases.CreateOneProduct"/>
</testsuite> <!-- testCases.CreateOneProduct -->
