<?xml version="1.0" encoding="UTF-8"?>
<!-- Generated by org.testng.reporters.JUnitReportReporter -->
<testsuite skipped="0" hostname="DESKTOP-B7ELS4L" name="testCases.UpdateOneProduct" tests="2" failures="0" timestamp="24 Nov 2022 19:43:21 GMT" time="3.910" errors="0">
  <testcase name="updateOneProduct" time="3.514" classname="testCases.UpdateOneProduct"/>
  <testcase name="readOneUpdatedProduct" time="0.396" classname="testCases.UpdateOneProduct"/>
</testsuite> <!-- testCases.UpdateOneProduct -->
